[    0.000000] Linux version 4.15.0-163-generic (buildd@lcy01-amd64-021) (gcc version 7.5.0 (Ubuntu 7.5.0-3ubuntu1~18.04)) #171-Ubuntu SMP Fri Nov 5 11:55:11 UTC 2021 (Ubuntu 4.15.0-163.171-generic 4.15.18)
[    0.000000] Command line: BOOT_IMAGE=/boot/vmlinuz-4.15.0-163-generic root=LABEL=cloudimg-rootfs ro console=tty1 console=ttyS0
[    0.000000] KERNEL supported cpus:
[    0.000000]   Intel GenuineIntel
[    0.000000]   AMD AuthenticAMD
[    0.000000]   Centaur CentaurHauls
[    0.000000] [Firmware Bug]: TSC doesn't count with P0 frequency!
[    0.000000] x86/fpu: Supporting XSAVE feature 0x001: 'x87 floating point registers'
[    0.000000] x86/fpu: Supporting XSAVE feature 0x002: 'SSE registers'
[    0.000000] x86/fpu: Supporting XSAVE feature 0x004: 'AVX registers'
[    0.000000] x86/fpu: xstate_offset[2]:  576, xstate_sizes[2]:  256
[    0.000000] x86/fpu: Enabled xstate features 0x7, context size is 832 bytes, using 'standard' format.
[    0.000000] e820: BIOS-provided physical RAM map:
[    0.000000] BIOS-e820: [mem 0x0000000000000000-0x000000000009fbff] usable
[    0.000000] BIOS-e820: [mem 0x000000000009fc00-0x000000000009ffff] reserved
[    0.000000] BIOS-e820: [mem 0x00000000000f0000-0x00000000000fffff] reserved
[    0.000000] BIOS-e820: [mem 0x0000000000100000-0x000000001ffeffff] usable
[    0.000000] BIOS-e820: [mem 0x000000001fff0000-0x000000001fffffff] ACPI data
[    0.000000] BIOS-e820: [mem 0x00000000fec00000-0x00000000fec00fff] reserved
[    0.000000] BIOS-e820: [mem 0x00000000fee00000-0x00000000fee00fff] reserved
[    0.000000] BIOS-e820: [mem 0x00000000fffc0000-0x00000000ffffffff] reserved
[    0.000000] NX (Execute Disable) protection: active
[    0.000000] SMBIOS 2.5 present.
[    0.000000] DMI: innotek GmbH VirtualBox/VirtualBox, BIOS VirtualBox 12/01/2006
[    0.000000] Hypervisor detected: KVM
[    0.000000] e820: last_pfn = 0x1fff0 max_arch_pfn = 0x400000000
[    0.000000] MTRR: Disabled
[    0.000000] x86/PAT: MTRRs disabled, skipping PAT initialization too.
[    0.000000] CPU MTRRs all blank - virtualized system.
[    0.000000] x86/PAT: Configuration [0-7]: WB  WT  UC- UC  WB  WT  UC- UC  
[    0.000000] found SMP MP-table at [mem 0x0009fff0-0x0009ffff]
[    0.000000] Scanning 1 areas for low memory corruption
[    0.000000] RAMDISK: [mem 0x1daf7000-0x1ee07fff]
[    0.000000] ACPI: Early table checksum verification disabled
[    0.000000] ACPI: RSDP 0x00000000000E0000 000024 (v02 VBOX  )
[    0.000000] ACPI: XSDT 0x000000001FFF0030 00003C (v01 VBOX   VBOXXSDT 00000001 ASL  00000061)
[    0.000000] ACPI: FACP 0x000000001FFF00F0 0000F4 (v04 VBOX   VBOXFACP 00000001 ASL  00000061)
[    0.000000] ACPI: DSDT 0x000000001FFF0470 0022EA (v02 VBOX   VBOXBIOS 00000002 INTL 20100528)
[    0.000000] ACPI: FACS 0x000000001FFF0200 000040
[    0.000000] ACPI: FACS 0x000000001FFF0200 000040
[    0.000000] ACPI: APIC 0x000000001FFF0240 000054 (v02 VBOX   VBOXAPIC 00000001 ASL  00000061)
[    0.000000] ACPI: SSDT 0x000000001FFF02A0 0001CC (v01 VBOX   VBOXCPUT 00000002 INTL 20100528)
[    0.000000] ACPI: Reserving FACP table memory at [mem 0x1fff00f0-0x1fff01e3]
[    0.000000] ACPI: Reserving DSDT table memory at [mem 0x1fff0470-0x1fff2759]
[    0.000000] ACPI: Reserving FACS table memory at [mem 0x1fff0200-0x1fff023f]
[    0.000000] ACPI: Reserving FACS table memory at [mem 0x1fff0200-0x1fff023f]
[    0.000000] ACPI: Reserving APIC table memory at [mem 0x1fff0240-0x1fff0293]
[    0.000000] ACPI: Reserving SSDT table memory at [mem 0x1fff02a0-0x1fff046b]
[    0.000000] No NUMA configuration found
[    0.000000] Faking a node at [mem 0x0000000000000000-0x000000001ffeffff]
[    0.000000] NODE_DATA(0) allocated [mem 0x1ffc5000-0x1ffeffff]
[    0.000000] kvm-clock: cpu 0, msr 0:1ff44001, primary cpu clock
[    0.000000] kvm-clock: Using msrs 4b564d01 and 4b564d00
[    0.000000] kvm-clock: using sched offset of 3540838309 cycles
[    0.000000] clocksource: kvm-clock: mask: 0xffffffffffffffff max_cycles: 0x1cd42e4dffb, max_idle_ns: 881590591483 ns
[    0.000000] Zone ranges:
[    0.000000]   DMA      [mem 0x0000000000001000-0x0000000000ffffff]
[    0.000000]   DMA32    [mem 0x0000000001000000-0x000000001ffeffff]
[    0.000000]   Normal   empty
[    0.000000]   Device   empty
[    0.000000] Movable zone start for each node
[    0.000000] Early memory node ranges
[    0.000000]   node   0: [mem 0x0000000000001000-0x000000000009efff]
[    0.000000]   node   0: [mem 0x0000000000100000-0x000000001ffeffff]
[    0.000000] Reserved but unavailable: 104 pages
[    0.000000] Initmem setup node 0 [mem 0x0000000000001000-0x000000001ffeffff]
[    0.000000] ACPI: PM-Timer IO Port: 0x4008
[    0.000000] IOAPIC[0]: apic_id 1, version 32, address 0xfec00000, GSI 0-23
[    0.000000] ACPI: INT_SRC_OVR (bus 0 bus_irq 0 global_irq 2 dfl dfl)
[    0.000000] ACPI: INT_SRC_OVR (bus 0 bus_irq 9 global_irq 9 low level)
[    0.000000] Using ACPI (MADT) for SMP configuration information
[    0.000000] smpboot: Allowing 1 CPUs, 0 hotplug CPUs
[    0.000000] PM: Registered nosave memory: [mem 0x00000000-0x00000fff]
[    0.000000] PM: Registered nosave memory: [mem 0x0009f000-0x0009ffff]
[    0.000000] PM: Registered nosave memory: [mem 0x000a0000-0x000effff]
[    0.000000] PM: Registered nosave memory: [mem 0x000f0000-0x000fffff]
[    0.000000] e820: [mem 0x20000000-0xfebfffff] available for PCI devices
[    0.000000] Booting paravirtualized kernel on KVM
[    0.000000] clocksource: refined-jiffies: mask: 0xffffffff max_cycles: 0xffffffff, max_idle_ns: 7645519600211568 ns
[    0.000000] random: get_random_bytes called from start_kernel+0x99/0x500 with crng_init=0
[    0.000000] setup_percpu: NR_CPUS:8192 nr_cpumask_bits:1 nr_cpu_ids:1 nr_node_ids:1
[    0.000000] percpu: Embedded 45 pages/cpu s147456 r8192 d28672 u2097152
[    0.000000] PV qspinlock hash table entries: 256 (order: 0, 4096 bytes)
[    0.000000] Built 1 zonelists, mobility grouping on.  Total pages: 128889
[    0.000000] Policy zone: DMA32
[    0.000000] Kernel command line: BOOT_IMAGE=/boot/vmlinuz-4.15.0-163-generic root=LABEL=cloudimg-rootfs ro console=tty1 console=ttyS0
[    0.000000] Memory: 466796K/523832K available (12300K kernel code, 2483K rwdata, 4320K rodata, 2448K init, 2724K bss, 57036K reserved, 0K cma-reserved)
[    0.000000] SLUB: HWalign=64, Order=0-3, MinObjects=0, CPUs=1, Nodes=1
[    0.000000] ftrace: allocating 39476 entries in 155 pages
[    0.004000] Hierarchical RCU implementation.
[    0.004000] 	RCU restricting CPUs from NR_CPUS=8192 to nr_cpu_ids=1.
[    0.004000] 	Tasks RCU enabled.
[    0.004000] RCU: Adjusting geometry for rcu_fanout_leaf=16, nr_cpu_ids=1
[    0.004000] NR_IRQS: 524544, nr_irqs: 256, preallocated irqs: 16
[    0.004000] Console: colour VGA+ 80x25
[    0.004000] console [tty1] enabled
[    0.004000] console [ttyS0] enabled
[    0.004000] ACPI: Core revision 20170831
[    0.004000] ACPI: 2 ACPI AML tables successfully acquired and loaded
[    0.004000] APIC: Switch to symmetric I/O mode setup
[    0.004000] x2apic enabled
[    0.004000] Switched APIC routing to physical x2apic.
[    0.004000] ..TIMER: vector=0x30 apic1=0 pin1=2 apic2=-1 pin2=-1
[    0.004000] tsc: Detected 2370.548 MHz processor
[    0.004000] Calibrating delay loop (skipped) preset value.. 4741.09 BogoMIPS (lpj=9482192)
[    0.004009] pid_max: default: 32768 minimum: 301
[    0.004582] Security Framework initialized
[    0.005079] Yama: becoming mindful.
[    0.005534] AppArmor: AppArmor initialized
[    0.006104] Dentry cache hash table entries: 65536 (order: 7, 524288 bytes)
[    0.006921] Inode-cache hash table entries: 32768 (order: 6, 262144 bytes)
[    0.008007] Mount-cache hash table entries: 1024 (order: 1, 8192 bytes)
[    0.008763] Mountpoint-cache hash table entries: 1024 (order: 1, 8192 bytes)
[    0.009740] CPU0: Hyper-Threading is disabled
[    0.010289] Last level iTLB entries: 4KB 1024, 2MB 1024, 4MB 512
[    0.010993] Last level dTLB entries: 4KB 2048, 2MB 2048, 4MB 1024, 1GB 0
[    0.012002] Spectre V1 : Mitigation: usercopy/swapgs barriers and __user pointer sanitization
[    0.013075] Spectre V2 : Spectre mitigation: LFENCE not serializing, switching to generic retpoline
[    0.014112] Spectre V2 : Mitigation: Full generic retpoline
[    0.014770] Spectre V2 : Spectre v2 / SpectreRSB mitigation: Filling RSB on context switch
[    0.015756] Speculative Store Bypass: Mitigation: Speculative Store Bypass disabled via prctl and seccomp
[    0.022887] Freeing SMP alternatives memory: 36K
[    0.132822] APIC calibration not consistent with PM-Timer: 98ms instead of 100ms
[    0.133734] APIC delta adjusted to PM-Timer: 6242566 (6174099)
[    0.134437] smpboot: CPU0: AMD Ryzen 5 4500U with Radeon Graphics (family: 0x17, model: 0x60, stepping: 0x1)
[    0.135599] Performance Events: PMU not available due to virtualization, using software events only.
[    0.136000] Hierarchical SRCU implementation.
[    0.136000] NMI watchdog: Perf event create on CPU 0 failed with -2
[    0.136002] NMI watchdog: Perf NMI watchdog permanently disabled
[    0.136752] smp: Bringing up secondary CPUs ...
[    0.137304] smp: Brought up 1 node, 1 CPU
[    0.137785] smpboot: Max logical packages: 1
[    0.138303] smpboot: Total of 1 processors activated (4741.09 BogoMIPS)
[    0.139129] devtmpfs: initialized
[    0.140042] x86/mm: Memory block size: 128MB
[    0.140646] evm: security.selinux
[    0.141154] evm: security.SMACK64
[    0.141651] evm: security.SMACK64EXEC
[    0.142120] evm: security.SMACK64TRANSMUTE
[    0.142637] evm: security.SMACK64MMAP
[    0.143106] evm: security.apparmor
[    0.143550] evm: security.ima
[    0.144002] evm: security.capability
[    0.144541] clocksource: jiffies: mask: 0xffffffff max_cycles: 0xffffffff, max_idle_ns: 7645041785100000 ns
[    0.145688] futex hash table entries: 256 (order: 2, 16384 bytes)
[    0.146424] pinctrl core: initialized pinctrl subsystem
[    0.147112] RTC time:  0:01:56, date: 12/31/21
[    0.147732] NET: Registered protocol family 16
[    0.148061] audit: initializing netlink subsys (disabled)
[    0.148772] cpuidle: using governor ladder
[    0.149324] cpuidle: using governor menu
[    0.150007] ACPI: bus type PCI registered
[    0.150486] acpiphp: ACPI Hot Plug PCI Controller Driver version: 0.5
[    0.151269] PCI: Using configuration type 1 for base access
[    0.152001] PCI: Using configuration type 1 for extended access
[    0.152731] audit: type=2000 audit(1640908922.266:1): state=initialized audit_enabled=0 res=1
[    0.154412] HugeTLB registered 2.00 MiB page size, pre-allocated 0 pages
[    0.155331] ACPI: Added _OSI(Module Device)
[    0.156004] ACPI: Added _OSI(Processor Device)
[    0.156553] ACPI: Added _OSI(3.0 _SCP Extensions)
[    0.157131] ACPI: Added _OSI(Processor Aggregator Device)
[    0.158134] ACPI: Added _OSI(Linux-Dell-Video)
[    0.159208] ACPI: Added _OSI(Linux-Lenovo-NV-HDMI-Audio)
[    0.159804] ACPI: Added _OSI(Linux-HPI-Hybrid-Graphics)
[    0.160227] ACPI: Executed 1 blocks of module-level executable AML code
[    0.163058] ACPI: Interpreter enabled
[    0.163506] ACPI: (supports S0 S5)
[    0.164006] ACPI: Using IOAPIC for interrupt routing
[    0.164722] PCI: Using host bridge windows from ACPI; if necessary, use "pci=nocrs" and report a bug
[    0.165816] ACPI: Enabled 2 GPEs in block 00 to 07
[    0.170538] ACPI: PCI Root Bridge [PCI0] (domain 0000 [bus 00-ff])
[    0.171266] acpi PNP0A03:00: _OSC: OS supports [ExtendedConfig ASPM ClockPM Segments MSI]
[    0.172000] acpi PNP0A03:00: _OSC: platform does not support [PCIeCapability]
[    0.172334] acpi PNP0A03:00: _OSC: not requesting control; platform does not support [PCIeCapability]
[    0.173691] acpi PNP0A03:00: _OSC: OS requested [PCIeHotplug PME AER PCIeCapability]
[    0.176002] acpi PNP0A03:00: _OSC: platform willing to grant [PCIeHotplug PME AER]
[    0.176837] acpi PNP0A03:00: _OSC failed (AE_SUPPORT); disabling ASPM
[    0.177787] PCI host bridge to bus 0000:00
[    0.178261] pci_bus 0000:00: root bus resource [io  0x0000-0x0cf7 window]
[    0.179084] pci_bus 0000:00: root bus resource [io  0x0d00-0xffff window]
[    0.180003] pci_bus 0000:00: root bus resource [mem 0x000a0000-0x000bffff window]
[    0.180828] pci_bus 0000:00: root bus resource [mem 0x20000000-0xfdffffff window]
[    0.181649] pci_bus 0000:00: root bus resource [bus 00-ff]
[    0.184559] pci 0000:00:01.1: legacy IDE quirk: reg 0x10: [io  0x01f0-0x01f7]
[    0.185319] pci 0000:00:01.1: legacy IDE quirk: reg 0x14: [io  0x03f6]
[    0.186049] pci 0000:00:01.1: legacy IDE quirk: reg 0x18: [io  0x0170-0x0177]
[    0.186815] pci 0000:00:01.1: legacy IDE quirk: reg 0x1c: [io  0x0376]
[    0.193059] pci 0000:00:07.0: quirk: [io  0x4000-0x403f] claimed by PIIX4 ACPI
[    0.193909] pci 0000:00:07.0: quirk: [io  0x4100-0x410f] claimed by PIIX4 SMB
[    0.196778] ACPI: PCI Interrupt Link [LNKA] (IRQs 5 9 10 *11)
[    0.197637] ACPI: PCI Interrupt Link [LNKB] (IRQs 5 9 *10 11)
[    0.198364] ACPI: PCI Interrupt Link [LNKC] (IRQs 5 *9 10 11)
[    0.199070] ACPI: PCI Interrupt Link [LNKD] (IRQs 5 9 10 *11)
[    0.199919] SCSI subsystem initialized
[    0.200079] pci 0000:00:02.0: vgaarb: setting as boot VGA device
[    0.200770] pci 0000:00:02.0: vgaarb: VGA device added: decodes=io+mem,owns=io+mem,locks=none
[    0.201698] pci 0000:00:02.0: vgaarb: bridge control possible
[    0.202326] vgaarb: loaded
[    0.202678] ACPI: bus type USB registered
[    0.203150] usbcore: registered new interface driver usbfs
[    0.204011] usbcore: registered new interface driver hub
[    0.204609] usbcore: registered new device driver usb
[    0.205203] EDAC MC: Ver: 3.0.0
[    0.205751] PCI: Using ACPI for IRQ routing
[    0.206405] NetLabel: Initializing
[    0.206813] NetLabel:  domain hash size = 128
[    0.207300] NetLabel:  protocols = UNLABELED CIPSOv4 CALIPSO
[    0.207951] NetLabel:  unlabeled traffic allowed by default
[    0.208090] clocksource: Switched to clocksource kvm-clock
[    0.241636] VFS: Disk quotas dquot_6.6.0
[    0.242166] VFS: Dquot-cache hash table entries: 512 (order 0, 4096 bytes)
[    0.242980] AppArmor: AppArmor Filesystem Enabled
[    0.243543] pnp: PnP ACPI init
[    0.244594] pnp: PnP ACPI: found 3 devices
[    0.250219] clocksource: acpi_pm: mask: 0xffffff max_cycles: 0xffffff, max_idle_ns: 2085701024 ns
[    0.251263] NET: Registered protocol family 2
[    0.251777] IP idents hash table entries: 8192 (order: 4, 65536 bytes)
[    0.252662] TCP established hash table entries: 4096 (order: 3, 32768 bytes)
[    0.253422] TCP bind hash table entries: 4096 (order: 4, 65536 bytes)
[    0.254129] TCP: Hash tables configured (established 4096 bind 4096)
[    0.254817] UDP hash table entries: 256 (order: 1, 8192 bytes)
[    0.255447] UDP-Lite hash table entries: 256 (order: 1, 8192 bytes)
[    0.256135] NET: Registered protocol family 1
[    0.256677] pci 0000:00:00.0: Limiting direct PCI/PCI transfers
[    0.257343] pci 0000:00:01.0: Activating ISA DMA hang workarounds
[    0.258036] pci 0000:00:02.0: Video device with shadowed ROM at [mem 0x000c0000-0x000dffff]
[    0.259099] Unpacking initramfs...
[    0.643669] Freeing initrd memory: 19524K
[    0.644429] clocksource: tsc: mask: 0xffffffffffffffff max_cycles: 0x222b89211fe, max_idle_ns: 440795250040 ns
[    0.645758] platform rtc_cmos: registered platform RTC device (no PNP device found)
[    0.646736] Scanning for low memory corruption every 60 seconds
[    0.647790] Initialise system trusted keyrings
[    0.648423] Key type blacklist registered
[    0.648974] workingset: timestamp_bits=36 max_order=17 bucket_order=0
[    0.650432] zbud: loaded
[    0.651128] squashfs: version 4.0 (2009/01/31) Phillip Lougher
[    0.651930] fuse init (API version 7.26)
[    0.652941] Key type asymmetric registered
[    0.653459] Asymmetric key parser 'x509' registered
[    0.654054] Block layer SCSI generic (bsg) driver version 0.4 loaded (major 246)
[    0.654960] io scheduler noop registered
[    0.655448] io scheduler deadline registered
[    0.655977] io scheduler cfq registered (default)
[    0.656733] ACPI: AC Adapter [AC] (on-line)
[    0.657276] input: Power Button as /devices/LNXSYSTM:00/LNXPWRBN:00/input/input0
[    0.658155] ACPI: Power Button [PWRF]
[    0.658660] input: Sleep Button as /devices/LNXSYSTM:00/LNXSLPBN:00/input/input1
[    0.659601] ACPI: Sleep Button [SLPF]
[    0.661187] ACPI: Battery Slot [BAT0] (battery present)
[    0.661854] Serial: 8250/16550 driver, 32 ports, IRQ sharing enabled
[    0.683188] 00:02: ttyS0 at I/O 0x3f8 (irq = 4, base_baud = 115200) is a 16550A
[    0.684879] Linux agpgart interface v0.103
[    0.686038] loop: module loaded
[    0.686854] scsi host0: ata_piix
[    0.687306] scsi host1: ata_piix
[    0.687785] ata1: PATA max UDMA/33 cmd 0x1f0 ctl 0x3f6 bmdma 0xd000 irq 14
[    0.688629] ata2: PATA max UDMA/33 cmd 0x170 ctl 0x376 bmdma 0xd008 irq 15
[    0.689909] libphy: Fixed MDIO Bus: probed
[    0.690427] tun: Universal TUN/TAP device driver, 1.6
[    0.691074] PPP generic driver version 2.4.2
[    0.691619] ehci_hcd: USB 2.0 'Enhanced' Host Controller (EHCI) Driver
[    0.692389] ehci-pci: EHCI PCI platform driver
[    0.692932] ehci-platform: EHCI generic platform driver
[    0.693549] ohci_hcd: USB 1.1 'Open' Host Controller (OHCI) Driver
[    0.694270] ohci-pci: OHCI PCI platform driver
[    0.694843] ohci-platform: OHCI generic platform driver
[    0.695469] uhci_hcd: USB Universal Host Controller Interface driver
[    0.696256] i8042: PNP: PS/2 Controller [PNP0303:PS2K,PNP0f03:PS2M] at 0x60,0x64 irq 1,12
[    0.697587] serio: i8042 KBD port at 0x60,0x64 irq 1
[    0.698210] serio: i8042 AUX port at 0x60,0x64 irq 12
[    0.698856] mousedev: PS/2 mouse device common for all mice
[    0.699726] input: AT Translated Set 2 keyboard as /devices/platform/i8042/serio0/input/input2
[    0.701027] rtc_cmos rtc_cmos: rtc core: registered rtc_cmos as rtc0
[    0.701799] rtc_cmos rtc_cmos: alarms up to one day, 114 bytes nvram
[    0.702533] i2c /dev entries driver
[    0.703014] device-mapper: uevent: version 1.0.3
[    0.703631] device-mapper: ioctl: 4.37.0-ioctl (2017-09-20) initialised: dm-devel@redhat.com
[    0.704644] ledtrig-cpu: registered to indicate activity on CPUs
[    0.705523] NET: Registered protocol family 10
[    0.707812] Segment Routing with IPv6
[    0.708337] NET: Registered protocol family 17
[    0.709282] Key type dns_resolver registered
[    0.709917] mce: Using 0 MCE banks
[    0.710363] RAS: Correctable Errors collector initialized.
[    0.711031] sched_clock: Marking stable (708306070, 0)->(846723614, -138417544)
[    0.711969] registered taskstats version 1
[    0.712491] Loading compiled-in X.509 certificates
[    0.714268] Loaded X.509 cert 'Build time autogenerated kernel key: f60a4c8d126e94dbf36c5faa43fb49029eeea9a9'
[    0.715924] Loaded X.509 cert 'Canonical Ltd. Live Patch Signing: 14df34d1a87cf37625abec039ef2bf521249b969'
[    0.717482] Loaded X.509 cert 'Canonical Ltd. Kernel Module Signing: 88f752e560a1e0737e31163a466ad7b70a850c19'
[    0.718648] zswap: loaded using pool lzo/zbud
[    0.720664] Key type big_key registered
[    0.721166] Key type trusted registered
[    0.722322] Key type encrypted registered
[    0.722818] AppArmor: AppArmor sha1 policy hashing enabled
[    0.723486] ima: No TPM chip found, activating TPM-bypass! (rc=-19)
[    0.724276] ima: Allocated hash algorithm: sha1
[    0.724856] evm: HMAC attrs: 0x1
[    0.725416]   Magic number: 1:326:2
[    0.725930] rtc_cmos rtc_cmos: setting system clock to 2021-12-31 00:01:57 UTC (1640908917)
[    0.726947] BIOS EDD facility v0.16 2004-Jun-25, 0 devices found
[    0.727696] EDD information not available.
[    0.850929] Freeing unused kernel image memory: 2448K
[    0.860138] Write protecting the kernel read-only data: 20480k
[    0.861251] Freeing unused kernel image memory: 2008K
[    0.862047] Freeing unused kernel image memory: 1824K
[    0.868427] x86/mm: Checked W+X mappings: passed, no W+X pages found.
Loading, please wait...
starting version 237
[    0.945778] e1000: Intel(R) PRO/1000 Network Driver - version 7.3.21-k8-NAPI
[    0.946604] e1000: Copyright (c) 1999-2006 Intel Corporation.
[    0.950411] Fusion MPT base driver 3.04.20
[    0.950917] Copyright (c) 1999-2008 LSI Corporation
[    0.959329] Fusion MPT SPI Host driver 3.04.20
[    0.970073] AVX2 version of gcm_enc/dec engaged.
[    0.970781] AES CTR mode by8 optimization enabled
[    1.157104] input: ImExPS/2 Generic Explorer Mouse as /devices/platform/i8042/serio1/input/input4
[    1.312206] e1000 0000:00:03.0 eth0: (PCI:33MHz:32-bit) 02:77:80:ca:b7:e6
[    1.313185] e1000 0000:00:03.0 eth0: Intel(R) PRO/1000 Network Connection
[    1.315226] e1000 0000:00:03.0 enp0s3: renamed from eth0
[    1.317008] mptbase: ioc0: Initiating bringup
[    1.413129] ioc0: LSI53C1030 A0: Capabilities={Initiator}
[    1.654617] scsi host2: ioc0: LSI53C1030 A0, FwRev=00000000h, Ports=1, MaxQ=256, IRQ=20
[    1.821367] scsi 2:0:0:0: Direct-Access     VBOX     HARDDISK         1.0  PQ: 0 ANSI: 5
[    1.822860] scsi target2:0:0: Beginning Domain Validation
[    1.824637] scsi target2:0:0: Domain Validation skipping write tests
[    1.825395] scsi target2:0:0: Ending Domain Validation
[    1.826009] scsi target2:0:0: asynchronous
[    1.826834] random: fast init done
[    1.827346] scsi 2:0:1:0: Direct-Access     VBOX     HARDDISK         1.0  PQ: 0 ANSI: 5
[    1.828632] scsi target2:0:1: Beginning Domain Validation
[    1.829859] scsi target2:0:1: Domain Validation skipping write tests
[    1.830577] scsi target2:0:1: Ending Domain Validation
[    1.831174] scsi target2:0:1: asynchronous
[    1.835169] random: systemd-udevd: uninitialized urandom read (16 bytes read)
[    1.836026] random: systemd-udevd: uninitialized urandom read (16 bytes read)
[    1.836988] random: systemd-udevd: uninitialized urandom read (16 bytes read)
[    1.838201] sd 2:0:0:0: [sda] 83886080 512-byte logical blocks: (42.9 GB/40.0 GiB)
[    1.839140] sd 2:0:0:0: [sda] Write Protect is off
[    1.839755] sd 2:0:0:0: [sda] Incomplete mode parameter data
[    1.840438] sd 2:0:0:0: [sda] Assuming drive cache: write through
[    1.841514] sd 2:0:0:0: Attached scsi generic sg0 type 0
[    1.842580] sd 2:0:1:0: [sdb] 20480 512-byte logical blocks: (10.5 MB/10.0 MiB)
[    1.843457] sd 2:0:1:0: [sdb] Write Protect is off
[    1.844175] sd 2:0:1:0: [sdb] Incomplete mode parameter data
[    1.844832] sd 2:0:1:0: [sdb] Assuming drive cache: write through
[    1.845531]  sda: sda1
[    1.846407] sd 2:0:0:0: [sda] Attached SCSI disk
[    1.847206] sd 2:0:1:0: Attached scsi generic sg1 type 0
[    1.849245] sd 2:0:1:0: [sdb] Attached SCSI disk
Begin: Loading essential drivers ... [    3.228064] raid6: sse2x1   gen()  7606 MB/s
[    3.276967] raid6: sse2x1   xor()  7648 MB/s
[    3.324851] raid6: sse2x2   gen() 15827 MB/s
[    3.372764] raid6: sse2x2   xor() 10990 MB/s
[    3.420073] raid6: sse2x4   gen() 16250 MB/s
[    3.468597] raid6: sse2x4   xor()  9669 MB/s
[    3.516483] raid6: avx2x1   gen() 19235 MB/s
[    3.564269] raid6: avx2x1   xor() 14728 MB/s
[    3.612642] raid6: avx2x2   gen() 34011 MB/s
[    3.660576] raid6: avx2x2   xor() 20658 MB/s
[    3.708445] raid6: avx2x4   gen() 34241 MB/s
[    3.756383] raid6: avx2x4   xor() 16338 MB/s
[    3.757533] raid6: using algorithm avx2x4 gen() 34241 MB/s
[    3.758375] raid6: .... xor() 16338 MB/s, rmw enabled
[    3.758958] raid6: using avx2x2 recovery algorithm
[    3.760818] xor: automatically using best checksumming function   avx       
[    3.762598] async_tx: api initialized (async)
done.
Begin: Running /scripts/init-premount ... done.
Begin: Mounting root file system ... Begin: Running /scripts/local-top ... done.
Begin: Running /scripts/local-premount ... [    3.800530] Btrfs loaded, crc32c=crc32c-intel
Scanning for Btrfs filesystems
done.
Warning: fsck not present, so skipping root file system
[    3.823214] EXT4-fs (sda1): mounted filesystem with ordered data mode. Opts: (null)
done.
Begin: Running /scripts/local-bottom ... done.
Begin: Running /scripts/init-bottom ... done.
[    3.956415] ip_tables: (C) 2000-2006 Netfilter Core Team
[    3.963871] systemd[1]: systemd 237 running in system mode. (+PAM +AUDIT +SELINUX +IMA +APPARMOR +SMACK +SYSVINIT +UTMP +LIBCRYPTSETUP +GCRYPT +GNUTLS +ACL +XZ +LZ4 +SECCOMP +BLKID +ELFUTILS +KMOD -IDN2 +IDN -PCRE2 default-hierarchy=hybrid)
[    3.966378] systemd[1]: Detected virtualization oracle.
[    3.967004] systemd[1]: Detected architecture x86-64.

Welcome to [1mUbuntu 18.04.6 LTS[0m!

[    3.971686] systemd[1]: Set hostname to <ubuntu>.
[    3.974112] systemd[1]: Initializing machine ID from random generator.
[    3.974900] systemd[1]: Installed transient /etc/machine-id file.
[    4.195621] systemd[1]: Created slice System Slice.
[[0;32m  OK  [0m] Created slice System Slice.
[    4.208274] systemd[1]: Listening on udev Kernel Socket.
[[0;32m  OK  [0m] Listening on udev Kernel Socket.
[    4.209667] systemd[1]: Listening on LVM2 poll daemon socket.
[[0;32m  OK  [0m] Listening on LVM2 poll daemon socket.
[    4.210767] systemd[1]: Listening on udev Control Socket.
[[0;32m  OK  [0m] Listening on udev Control Socket.
[[0;32m  OK  [0m] Listening on fsck to fsckd communication Socket.
[[0;32m  OK  [0m] Listening on Journal Socket (/dev/log).
[[0;32m  OK  [0m] Created slice system-serial\x2dgetty.slice.
[[0;32m  OK  [0m] Started Forward Password Requests to Wall Directory Watch.
[[0;32m  OK  [0m] Set up automount Arbitrary Executab…rmats File System Automount Point.
[[0;32m  OK  [0m] Listening on Journal Socket.
         Starting File System Check on Root Device...
         Mounting POSIX Message Queue File System...
         Starting Set the console keyboard layout...
         Mounting Kernel Debug File System...
         Starting Uncomplicated firewall...
         Mounting Huge Pages File System...
         Starting Create list of required st…ce nodes for the current kernel...
         Starting udev Coldplug all Devices...
[[0;32m  OK  [0m] Created slice User and Session Slice.
[[0;32m  OK  [0m] Reached target Slices.
[[0;32m  OK  [0m] Listening on Device-mapper event daemon FIFOs.
[[0;32m  OK  [0m] Listening on Journal Audit Socket.
[[0;32m  OK  [0m] Listening on LVM2 metadata daemon socket.
         Starting Monitoring of LVM2 mirrors…ng dmeventd or progress polling...
         Starting Load Kernel Modules...
[[0;32m  OK  [0m] Reached target User and Group Name Lookups.
[[0;32m  OK  [0m] Listening on Syslog Socket.
         Starting Journal Service...
[[0;32m  OK  [0m] Listening on /dev/initctl Compatibility Named Pipe.
[[0;32m  OK  [0m] Reached target System Time Synchronized.
[[0;32m  OK  [0m] Reached target Swap.
[[0;32m  OK  [0m] Listening on Network Service Netlink Socket.
[[0;32m  OK  [0m] Started File System Check on Root Device.
[[0;32m  OK  [0m] Mounted POSIX Message Queue File System.
[[0;32m  OK  [0m] Mounted Kernel Debug File System.
[[0;32m  OK  [0m] Started Uncomplicated firewall.
[[0;32m  OK  [0m] Mounted Huge Pages File System.
[[0;32m  OK  [0m] Started Create list of required sta…vice nodes for the current kernel.
[[0;32m  OK  [0m] Started LVM2 metadata daemon.
[[0;32m  OK  [0m] Started File System Check Daemon to report status.
         Starting Create Static Device Nodes in /dev...
         Starting Remount Root and Kernel File Systems...
[[0;32m  OK  [0m] Started Create Static Device Nodes in /dev.
[[0;32m  OK  [0m] Started Journal Service.
[    4.410896] Loading iSCSI transport class v2.0-870.
[[0;32m  OK  [0m] Started udev Coldplug all Devices.
[    4.418710] iscsi: registered transport (tcp)
[[0;32m  OK  [0m] Started Set the console keyboard layout.
[    4.452910] EXT4-fs (sda1): re-mounted. Opts: (null)
[[0;32m  OK  [0m] Started Remount Root and Kernel File Systems.
[    4.462252] iscsi: registered transport (iser)
[[0;32m  OK  [0m] Started Load Kernel Modules.
         Mounting Kernel Configuration File System...
         Mounting FUSE Control File System...
         Starting Apply Kernel Variables...
         Starting udev Kernel Device Manager...
         Starting Load/Save Random Seed...
         Starting Flush Journal to Persistent Storage...
[[0;32m  OK  [0m] Started Monitoring of LVM2 mirrors,…sing dmeventd or progress polling.
[[0;32m  OK  [0m] Mounted Kernel Configuration File System.
[[0;32m  OK  [0m] Mounted FUSE Control File System.
[[0;32m  OK  [0m] Started Load/Save Random Seed.
[[0;32m  OK  [0m] Reached target Local File Systems (Pre).
[[0;32m  OK  [0m] Reached target Local File Systems.
         Starting Tell Plymouth To Write Out Runtime Data...
         Starting Set console font and keymap...
         Starting AppArmor initialization...
         Starting ebtables ruleset management...
         Starting Commit a transient machine-id on disk...
[[0;32m  OK  [0m] Started udev Kernel Device Manager.
[[0;32m  OK  [0m] Started Dispatch Password Requests to Console Directory Watch.
[[0;32m  OK  [0m] Reached target Local Encrypted Volumes.
[[0;32m  OK  [0m] Started Apply Kernel Variables.
[[0;32m  OK  [0m] Started Tell Plymouth To Write Out Runtime Data.
[[0;32m  OK  [0m] Started Set console font and keymap.
[[0;32m  OK  [0m] Started Commit a transient machine-id on disk.
[[0;32m  OK  [0m] Started Flush Journal to Persistent Storage.
         Starting Create Volatile Files and Directories...
[[0;32m  OK  [0m] Started Create Volatile Files and Directories.
         Starting Update UTMP about System Boot/Shutdown...
[[0;32m  OK  [0m] Started Update UTMP about System Boot/Shutdown.
[[0;32m  OK  [0m] Started ebtables ruleset management.
[[0;32m  OK  [0m] Found device /dev/ttyS0.
[[0;32m  OK  [0m] Listening on Load/Save RF Kill Switch Status /dev/rfkill Watch.
[[0;32m  OK  [0m] Started AppArmor initialization.
         Starting Load AppArmor profiles managed internally by snapd...
         Starting Initial cloud-init job (pre-networking)...
[[0;32m  OK  [0m] Started Load AppArmor profiles managed internally by snapd.
[    7.784963] cloud-init[587]: Cloud-init v. 21.4-0ubuntu1~18.04.1 running 'init-local' at Fri, 31 Dec 2021 00:02:04 +0000. Up 7.43 seconds.
[[0;32m  OK  [0m] Started Initial cloud-init job (pre-networking).
[[0;32m  OK  [0m] Reached target Network (Pre).
         Starting Network Service...
[[0;32m  OK  [0m] Started Network Service.
         Starting Network Name Resolution...
         Starting Wait for Network to be Configured...
[[0;32m  OK  [0m] Started Network Name Resolution.
[[0;32m  OK  [0m] Reached target Network.
[[0;32m  OK  [0m] Reached target Host and Network Name Lookups.
[[0;32m  OK  [0m] Started Wait for Network to be Configured.
         Starting Initial cloud-init job (metadata service crawler)...
[    9.826937] cloud-init[662]: Cloud-init v. 21.4-0ubuntu1~18.04.1 running 'init' at Fri, 31 Dec 2021 00:02:06 +0000. Up 9.68 seconds.
[    9.827947] cloud-init[662]: ci-info: ++++++++++++++++++++++++++++++++++++++Net device info++++++++++++++++++++++++++++++++++++++
[    9.829393] cloud-init[662]: ci-info: +--------+------+----------------------------+---------------+--------+-------------------+
[    9.840416] cloud-init[662]: ci-info: | Device |  Up  |          Address           |      Mask     | Scope  |     Hw-Address    |
[    9.841080] cloud-init[662]: ci-info: +--------+------+----------------------------+---------------+--------+-------------------+
[    9.841785] cloud-init[662]: ci-info: | enp0s3 | True |         10.0.2.15          | 255.255.255.0 | global | 02:77:80:ca:b7:e6 |
[    9.842561] cloud-init[662]: ci-info: | enp0s3 | True | fe80::77:80ff:feca:b7e6/64 |       .       |  link  | 02:77:80:ca:b7:e6 |
[    9.852744] cloud-init[662]: ci-info: |   lo   | True |         127.0.0.1          |   255.0.0.0   |  host  |         .         |
[    9.853461] cloud-init[662]: ci-info: |   lo   | True |          ::1/128           |       .       |  host  |         .         |
[    9.864803] cloud-init[662]: ci-info: +--------+------+----------------------------+---------------+--------+-------------------+
[    9.865624] cloud-init[662]: ci-info: ++++++++++++++++++++++++++++Route IPv4 info+++++++++++++++++++++++++++++
[    9.866318] cloud-init[662]: ci-info: +-------+-------------+----------+-----------------+-----------+-------+
[    9.866964] cloud-init[662]: ci-info: | Route | Destination | Gateway  |     Genmask     | Interface | Flags |
[    9.867844] cloud-init[662]: ci-info: +-------+-------------+----------+-----------------+-----------+-------+
[    9.868623] cloud-init[662]: ci-info: |   0   |   0.0.0.0   | 10.0.2.2 |     0.0.0.0     |   enp0s3  |   UG  |
[    9.880402] cloud-init[662]: ci-info: |   1   |   10.0.2.0  | 0.0.0.0  |  255.255.255.0  |   enp0s3  |   U   |
[    9.892210] cloud-init[662]: ci-info: |   2   |   10.0.2.2  | 0.0.0.0  | 255.255.255.255 |   enp0s3  |   UH  |
[    9.892834] cloud-init[662]: ci-info: +-------+-------------+----------+-----------------+-----------+-------+
[    9.893264] cloud-init[662]: ci-info: +++++++++++++++++++Route IPv6 info+++++++++++++++++++
[    9.893650] cloud-init[662]: ci-info: +-------+-------------+---------+-----------+-------+
[    9.894153] cloud-init[662]: ci-info: | Route | Destination | Gateway | Interface | Flags |
[    9.894737] cloud-init[662]: ci-info: +-------+-------------+---------+-----------+-------+
[    9.895305] cloud-init[662]: ci-info: |   1   |  fe80::/64  |    ::   |   enp0s3  |   U   |
[    9.896002] cloud-init[662]: ci-info: |   3   |    local    |    ::   |   enp0s3  |   U   |
[    9.908347] cloud-init[662]: ci-info: |   4   |   ff00::/8  |    ::   |   enp0s3  |   U   |
[    9.908959] cloud-init[662]: ci-info: +-------+-------------+---------+-----------+-------+
[   10.389946] cloud-init[662]: Generating public/private rsa key pair.
[   10.391323] cloud-init[662]: Your identification has been saved in /etc/ssh/ssh_host_rsa_key.
[   10.392083] cloud-init[662]: Your public key has been saved in /etc/ssh/ssh_host_rsa_key.pub.
[   10.404318] cloud-init[662]: The key fingerprint is:
[   10.416821] cloud-init[662]: SHA256:K2oadTO9kDPeAr0pFIif2q5Ft0xvXa3A5ywwHxRoXas root@ubuntu-bionic
[   10.417667] cloud-init[662]: The key's randomart image is:
[   10.428538] cloud-init[662]: +---[RSA 2048]----+
[   10.428885] cloud-init[662]: |       o...      |
[   10.440287] cloud-init[662]: | . .  o .. .     |
[   10.452837] cloud-init[662]: |. . ..  . .      |
[   10.453763] cloud-init[662]: | . . o = . .     |
[   10.454769] cloud-init[662]: |  + * % E o .    |
[   10.464572] cloud-init[662]: | + * * # X .     |
[   10.464919] cloud-init[662]: |. + + O B +      |
[   10.465170] cloud-init[662]: | o ..+ o .       |
[[0;32m  OK  [0m] Started Initial cloud-init job (metadata service crawler).
[[0;32m  OK  [0m] Reached target Network is Online.[   10.479501] cloud-init[662]: |..oo.            |
[   10.480551] cloud-init[662]: +----[SHA256]-----+
[   10.480887] cloud-init[662]: Generating public/private dsa key pair.
[   10.481315] cloud-init[662]: Your identification has been saved in /etc/ssh/ssh_host_dsa_key.
[   10.481819] cloud-init[662]: Your public key has been saved in /etc/ssh/ssh_host_dsa_key.pub.
[   10.482335] cloud-init[662]: The key fingerprint is:
[   10.482742] cloud-init[662]: SHA256:99moekXPKwBCMOhPPfM1qdcAhqBg6/YrXTzqrBB2jLA root@ubuntu-bionic
[   10.483352] cloud-init[662]: The key's randomart image is:
[   10.483783] cloud-init[662]: +---[DSA 1024]----+
         Starting Availability of block devices...
[[0;32m  OK  [0m] Reached target Remote File Systems (Pre).
[[0;32m  OK  [0m] Reached target Remote File Systems.
[[0;32m  OK  [0m] Reached target Cloud-config availability.
[[0;32m  OK  [0m] Reached target System Initialization.
[[0;32m  OK  [0m] Started Discard unused blocks once a week.
[[0;32m  OK  [0m] Listening on D-Bus System Message Bus Socket.
         Starting Socket activation for snappy daemon.
[[0;32m  OK  [0m] Started Daily apt download activities.
[[0;32m  OK  [0m] Started Daily apt upgrade and clean activities.
[[0;32m  OK  [0m] Listening on cloud-init hotplug hook socket.
[[0;32m  OK  [0m] Started Trigger to poll for Ubuntu …(Only enabled on GCP LTS non-pro).
[   10.496414] cloud-init[662]: |.. .+o .         |
[   10.496786] cloud-init[662]: |..o. .o o        |
[   10.497211] cloud-init[662]: |.o.  o . . .     |
[   10.497602] cloud-init[662]: |o.+ . = . = .    |
[   10.498008] cloud-init[662]: |E= =.  =S+.= o   |
[   10.498389] cloud-init[662]: |o.o .+  o.o.o+o  |
[   10.498735] cloud-init[662]: |. ..o .  . o+ .. |
[   10.499108] cloud-init[662]: |...o.     ... .  |
[   10.499493] cloud-init[662]: | .++    .o.  .   |
[   10.499909] cloud-init
[[0;32m  OK  [0m] Started ACPI Events Check.
[[0;32m  OK  [0m] Started Daily Cleanup of Temporary Directories.
[[0;32m  OK  [0m] Started Message of the Day.
[[0;32m  OK  [0m] Reached target Paths.
         Starting LXD - unix socket.
[[0;32m  OK  [0m] Listening on ACPID Listen Socket.
[[0;32m  OK  [0m] Listening on UUID daemon activation socket.
[[0;32m  OK  [0m] Started Ubuntu Advantage Timer for running repeated jobs.
[[0;32m  OK  [0m] Reached target Timers.
[[0;32m  OK  [0m] Listening on Open-iSCSI iscsid Socket.
[[0;32m  OK  [0m] Listening on Socket activation for snappy daemon.
[[0;32m  OK  [0m] Listening on LXD - unix socket.
[[0;32m  OK  [0m] Reached target Sockets.
[[0;32m  OK  [0m] Reached target Basic System.
[662]: +----[SHA256]-----+
[   10.514618]          Starting Permit User Sessions...
         Starting Pollinate to seed the pseudo random number generator...
         Starting Dispatcher daemon for systemd-networkd...
cloud-init[662]: Generating public/private ecdsa key pair.
         Starting Virtualbox guest utils...
         Starting LSB: automatic crash report generation...
[[0;32m  OK  [0m] Started Deferred execution scheduler.
[   10.521870] cloud-init[662]: Your identification has been saved in /etc/ssh/ssh_host_ecdsa_key.
[   10.547063] cloud-init[662]: Your public key has been saved in /etc/ssh/ssh_host_ecdsa_key.pub.
[   10.564482] cloud-init[662]: The key fingerprint is:
[   10.564859] cloud-init[662]: SHA256:F3ZkEk/1cUbaPNQsTIcdlpPM8X6IJ7VOE0yrt3d/t7o root@ubuntu-bionic
[   10.565448] cloud-init[662]: The key's randomart image is:
[   10.565906] cloud-init[662]: +---[ECDSA 256]---+
[[0;32m  OK  [0m] Started Regular background program processing daemon.
[   10.571703] cloud-init[662]: |          o.++*@@|
         Starting Snap Daemon...
[   10.574226] cloud-init[662]: |           * o*#B|
[   10.574533] cloud-init[662]: |          o o *o*|
         Starting Accounts Service...
[   10.587869] cloud-init[662]: |         . o + =.|
         Starting System Logging Service...
[   10.591107] cloud-init[662]: |        S . + B o|
[[0;32m  OK  [0m] Started D-Bus System Message Bus.
[   10.605381] cloud-init[662]: |         .   * o.|
[   10.606545] cloud-init[662]: |              o o|
[   10.616287] cloud-init[662]: |               .=|
[   10.616653] cloud-init[662]: |             Eo.=|
[   10.616905] cloud-init[662]: +----[SHA256]-----+
[   10.617305] cloud-init[662]: Generating public/private ed25519 key pair.
[   10.617694] cloud-init[662]: Your identification has been saved in /etc/ssh/ssh_host_ed25519_key.
[   10.619036] cloud-init[662]: Your public key has been saved in /etc/ssh/ssh_host_ed25519_key.pub.
[   10.619717] cloud-init[662]: The key fingerprint is:
[   10.620275] cloud-init[662]: SHA256:NX3WLDJTRBpa1Z1wcIqvfzBY0SqwSNKiwnz1+T3JXzQ root@ubuntu-bionic
[   10.621726] cloud-init[662]: The key's randomart image is:
[   10.622734] cloud-init[662]: +--[ED25519 256]--+
[   10.625940] cloud-init[662]: |      .     o*O+o|
[   10.627362] cloud-init[662]: |     + o . +.=+=o|
[   10.629112] cloud-init[662]: |o   o = o *.*.* o|
[   10.631351] cloud-init[662]: | + o   + o o.O E |
[   10.632769] cloud-init[662]: |  o     S o =.. .|
[   10.633767] cloud-init[662]: |         . *.o . |
[   10.635120] cloud-init[662]: |           .o +  |
[   10.636036] cloud-init[662]: |            .. . |
[   10.637975] cloud-init[662]: |             ..  |
[   10.639998] cloud-init[662]: +----[SHA256]-----+
         Starting LSB: Record successful boot for GRUB...
         Starting Login Service...
[[0;32m  OK  [0m] Started irqbalance daemon.
[[0;32m  OK  [0m] Started FUSE filesystem for LXC.
         Starting LXD - container startup/shutdown...
[[0;32m  OK  [0m] Started System Logging Service.
[[0;32m  OK  [0m] Started Availability of block devices.
[[0;32m  OK  [0m] Started Permit User Sessions.
[[0;32m  OK  [0m] Started Login Service.
[[0;32m  OK  [0m] Started Unattended Upgrades Shutdown.
         Starting Authorization Manager...
         Starting Terminate Plymouth Boot Screen...
         Starting Hold until boot process finishes up...
[[0;32m  OK  [0m] Started Hold until boot process finishes up.
[[0;32m  OK  [0m] Started Serial Getty on ttyS0.
         Starting Set console scheme...
[[0;32m  OK  [0m] Started Terminate Plymouth Boot Screen.
[[0;32m  OK  [0m] Started Authorization Manager.
[[0;32m  OK  [0m] Started Accounts Service.
[[0;32m  OK  [0m] Started Set console scheme.
[[0;32m  OK  [0m] Created slice system-getty.slice.
[[0;32m  OK  [0m] Started Getty on tty1.
[[0;32m  OK  [0m] Reached target Login Prompts.
[[0;32m  OK  [0m] Started LSB: automatic crash report generation.
[[0;32m  OK  [0m] Started LSB: Record successful boot for GRUB.
[[0;32m  OK  [0m] Started Virtualbox guest utils.
[[0;32m  OK  [0m] Started LXD - container startup/shutdown.
[[0;32m  OK  [0m] Started Dispatcher daemon for systemd-networkd.
[[0;32m  OK  [0m] Started Snap Daemon.
         Starting Wait until snapd is fully seeded...
[[0;32m  OK  [0m] Started Pollinate to seed the pseudo random number generator.
         Starting OpenBSD Secure Shell server...
[[0;32m  OK  [0m] Started OpenBSD Secure Shell server.
[[0;32m  OK  [0m] Created slice User Slice of vagrant.
         Starting User Manager for UID 1000...
[[0;32m  OK  [0m] Started Session 1 of user vagrant.
[[0;32m  OK  [0m] Started User Manager for UID 1000.
[[0;32m  OK  [0m] Started Wait until snapd is fully seeded.
         Starting Apply the settings specified in cloud-config...
[[0;32m  OK  [0m] Reached target Multi-User System.
[[0;32m  OK  [0m] Reached target Graphical Interface.
         Starting Update UTMP about System Runlevel Changes...
[[0;32m  OK  [0m] Started Update UTMP about System Runlevel Changes.
[   15.831144] cloud-init[1174]: Cloud-init v. 21.4-0ubuntu1~18.04.1 running 'modules:config' at Fri, 31 Dec 2021 00:02:12 +0000. Up 15.25 seconds.
ci-info: no authorized SSH keys fingerprints found for user ubuntu.
<14>Dec 31 00:02:13 cloud-init: #############################################################
<14>Dec 31 00:02:13 cloud-init: -----BEGIN SSH HOST KEY FINGERPRINTS-----
<14>Dec 31 00:02:13 cloud-init: 1024 SHA256:99moekXPKwBCMOhPPfM1qdcAhqBg6/YrXTzqrBB2jLA root@ubuntu-bionic (DSA)
<14>Dec 31 00:02:13 cloud-init: 256 SHA256:F3ZkEk/1cUbaPNQsTIcdlpPM8X6IJ7VOE0yrt3d/t7o root@ubuntu-bionic (ECDSA)
<14>Dec 31 00:02:13 cloud-init: 256 SHA256:NX3WLDJTRBpa1Z1wcIqvfzBY0SqwSNKiwnz1+T3JXzQ root@ubuntu-bionic (ED25519)
<14>Dec 31 00:02:13 cloud-init: 2048 SHA256:K2oadTO9kDPeAr0pFIif2q5Ft0xvXa3A5ywwHxRoXas root@ubuntu-bionic (RSA)
<14>Dec 31 00:02:13 cloud-init: -----END SSH HOST KEY FINGERPRINTS-----
<14>Dec 31 00:02:13 cloud-init: #############################################################
-----BEGIN SSH HOST KEY KEYS-----
ecdsa-sha2-nistp256 AAAAE2VjZHNhLXNoYTItbmlzdHAyNTYAAAAIbmlzdHAyNTYAAABBBIL0V4gOGlPf/5aXqYRpx/rs2YONrBnSskQEQb9IY567z5JA+yY+uVrO0CFe9ZcwAQc7PkPo5GhYDfpqz2lz+RY= root@ubuntu-bionic
ssh-ed25519 AAAAC3NzaC1lZDI1NTE5AAAAIJMKZw2qRZeic/YLxG8W4X5FDtsEwl/kIjwAJJa1dzjL root@ubuntu-bionic
ssh-rsa AAAAB3NzaC1yc2EAAAADAQABAAABAQDgVcTM8617n/enC9jHb8SuW0ccB7xv1+qP6BnRxyKcuHUG+u4QYglvOGzD9cYONvK+cN9fKthBWl+ceXjGMub4iWy7qs4L9WH9iN7ZY60puSYSvUdBGSZq2/NKfxaFg9PLqq94A/8m06SKG2vxqP/bw3NiPNRlBYfs3W4cyimWJCUsy+MDPpxiglwRvNcpOczxAjL28qbzhJeAB0NsMQliMXe9hklfW75qaULoXEURPVc9dJeDtRiLCVsrri+OkWcePMieX7LCQoYu/pDdUj41I39YyWAPinZBPlC/uFzy18jhuPLfKDSKt0NqdT4DoslS/iiJMwEkkAPDFb2VngcF root@ubuntu-bionic
-----END SSH HOST KEY KEYS-----
[   16.802721] cloud-init[1315]: Cloud-init v. 21.4-0ubuntu1~18.04.1 running 'modules:final' at Fri, 31 Dec 2021 00:02:13 +0000. Up 16.53 seconds.
[   16.803384] cloud-init[1315]: ci-info: no authorized SSH keys fingerprints found for user ubuntu.
[   16.804003] cloud-init[1315]: Cloud-init v. 21.4-0ubuntu1~18.04.1 finished at Fri, 31 Dec 2021 00:02:13 +0000. Datasource DataSourceNoCloud [seed=/dev/sdb][dsmode=net].  Up 16.78 seconds

Ubuntu 18.04.6 LTS ubuntu-bionic ttyS0

ubuntu-bionic login: 